\BOOKMARK [0][-]{chapter.1}{\376\377\000I\000n\000t\000r\000o\000d\000u\000\347\000\343\000o}{}% 1
\BOOKMARK [0][-]{chapter.2}{\376\377\000M\000o\000d\000u\000l\000a\000r\000i\000t\000y\000\040\000a\000n\000d\000\040\000M\000o\000r\000p\000h\000o\000m\000e\000t\000r\000i\000c\000s\000:\000\040\000E\000r\000r\000o\000r\000\040\000R\000a\000t\000e\000s\000\040\000i\000n\000\040\000H\000y\000p\000o\000t\000h\000e\000s\000i\000s\000\040\000T\000e\000s\000t\000i\000n\000g}{}% 2
\BOOKMARK [1][-]{section*.6}{\376\377\000A\000b\000s\000t\000r\000a\000c\000t}{chapter.2}% 3
\BOOKMARK [1][-]{section*.7}{\376\377\000I\000n\000t\000r\000o\000d\000u\000c\000t\000i\000o\000n}{chapter.2}% 4
\BOOKMARK [1][-]{section*.9}{\376\377\000M\000e\000t\000h\000o\000d\000s}{chapter.2}% 5
\BOOKMARK [2][-]{section*.10}{\376\377\000S\000a\000m\000p\000l\000e}{section*.9}% 6
\BOOKMARK [2][-]{section*.13}{\376\377\000E\000m\000p\000i\000r\000i\000c\000a\000l\000\040\000M\000o\000d\000u\000l\000a\000r\000i\000t\000y\000\040\000H\000y\000p\000o\000t\000h\000e\000s\000i\000s\000\040\000T\000e\000s\000t\000s}{section*.9}% 7
\BOOKMARK [2][-]{section*.14}{\376\377\000E\000s\000t\000i\000m\000a\000t\000i\000o\000n\000\040\000o\000f\000\040\000E\000r\000r\000o\000r\000\040\000R\000a\000t\000e\000s}{section*.9}% 8
\BOOKMARK [1][-]{section*.17}{\376\377\000R\000e\000s\000u\000l\000t\000s}{chapter.2}% 9
\BOOKMARK [2][-]{section*.18}{\376\377\000E\000m\000p\000i\000r\000i\000c\000a\000l\000\040\000T\000e\000s\000t\000s}{section*.17}% 10
\BOOKMARK [2][-]{section*.21}{\376\377\000E\000r\000r\000o\000r\000\040\000R\000a\000t\000e\000s}{section*.17}% 11
\BOOKMARK [1][-]{section*.27}{\376\377\000D\000i\000s\000c\000u\000s\000s\000i\000o\000n}{chapter.2}% 12
\BOOKMARK [2][-]{section*.28}{\376\377\000T\000h\000e\000o\000r\000e\000t\000i\000c\000a\000l\000\040\000M\000a\000t\000r\000i\000c\000e\000s\000\040\000a\000n\000d\000\040\000E\000r\000r\000o\000r\000\040\000R\000a\000t\000e\000s}{section*.27}% 13
\BOOKMARK [2][-]{section*.29}{\376\377\000C\000o\000n\000c\000l\000u\000s\000i\000o\000n}{section*.27}% 14
\BOOKMARK [0][-]{chapter.3}{\376\377\000A\000l\000l\000o\000m\000e\000t\000r\000i\000c\000\040\000C\000o\000n\000s\000t\000r\000a\000i\000n\000t\000s\000\040\000a\000n\000d\000\040\000M\000o\000d\000u\000l\000a\000r\000i\000t\000y}{}% 15
\BOOKMARK [1][-]{section*.30}{\376\377\000I\000n\000t\000r\000o\000d\000u\000c\000t\000i\000o\000n}{chapter.3}% 16
\BOOKMARK [1][-]{section*.31}{\376\377\000M\000e\000t\000h\000o\000d\000s}{chapter.3}% 17
\BOOKMARK [2][-]{section*.32}{\376\377\000S\000a\000m\000p\000l\000e}{section*.31}% 18
\BOOKMARK [2][-]{section*.33}{\376\377\000A\000l\000l\000o\000m\000e\000t\000r\000i\000c\000\040\000S\000l\000o\000p\000e\000s\000\040\000a\000n\000d\000\040\000I\000n\000t\000e\000r\000c\000e\000p\000t\000s}{section*.31}% 19
\BOOKMARK [2][-]{section*.34}{\376\377\000M\000o\000r\000p\000h\000o\000l\000o\000g\000i\000c\000a\000l\000\040\000I\000n\000t\000e\000g\000r\000a\000t\000i\000o\000n}{section*.31}% 20
\BOOKMARK [2][-]{section*.35}{\376\377\000S\000o\000f\000t\000w\000a\000r\000e}{section*.31}% 21
\BOOKMARK [1][-]{section*.36}{\376\377\000R\000e\000s\000u\000l\000t\000s}{chapter.3}% 22
\BOOKMARK [1][-]{section*.45}{\376\377\000D\000i\000s\000c\000u\000s\000s\000i\000o\000n}{chapter.3}% 23
\BOOKMARK [0][-]{chapter.4}{\376\377\000A\000\040\000P\000h\000y\000l\000o\000g\000e\000n\000e\000t\000i\000c\000\040\000A\000n\000a\000l\000y\000s\000i\000s\000\040\000o\000f\000\040\000S\000h\000a\000p\000e\000\040\000C\000o\000v\000a\000r\000i\000a\000n\000c\000e\000\040\000S\000t\000r\000u\000c\000t\000u\000r\000e}{}% 24
\BOOKMARK [1][-]{section*.46}{\376\377\000I\000n\000t\000r\000o\000d\000u\000\347\000\343\000o}{chapter.4}% 25
\BOOKMARK [1][-]{section*.47}{\376\377\000M\000\351\000t\000o\000d\000o\000s}{chapter.4}% 26
\BOOKMARK [1][-]{section*.48}{\376\377\000R\000e\000s\000u\000l\000t\000a\000d\000o\000s}{chapter.4}% 27
\BOOKMARK [1][-]{section*.56}{\376\377\000D\000i\000s\000c\000u\000s\000s\000\343\000o}{chapter.4}% 28
\BOOKMARK [0][-]{chapter*.57}{\376\377\000R\000e\000f\000e\000r\000\352\000n\000c\000i\000a\000s\000\040\000B\000i\000b\000l\000i\000o\000g\000r\000\341\000f\000i\000c\000a\000s}{}% 29
\BOOKMARK [0][-]{chapter*.58}{\376\377\000A\000p\000\352\000n\000d\000i\000c\000e\000:\000\040\000A\000r\000t\000i\000g\000o\000s\000\040\000P\000u\000b\000l\000i\000c\000a\000d\000o\000s}{}% 30
